 
 -------------- celery@nsa.local v5.6.2 (recovery)
--- ***** ----- 
-- ******* ---- macOS-15.7.5-arm64-arm-64bit 2026-02-25 17:23:45
- *** --- * --- 
- ** ---------- [config]
- ** ---------- .> app:         milimoquantum_worker:0x103521580
- ** ---------- .> transport:   redis://localhost:6379/0
- ** ---------- .> results:     redis://localhost:6379/1
- *** --- * --- .> concurrency: 16 (prefork)
-- ******* ---- .> task events: OFF (enable -E to monitor tasks in this worker)
--- ***** ----- 
 -------------- [queues]
                .> celery           exchange=celery(direct) key=celery
                

[tasks]
  . app.worker.tasks.execute_quantum_circuit
  . app.worker.tasks.run_code_sandbox
  . app.worker.tasks.run_vqe_optimization

[2026-02-25 17:23:46,016: INFO/MainProcess] Connected to redis://localhost:6379/0
[2026-02-25 17:23:46,018: INFO/MainProcess] mingle: searching for neighbors
[2026-02-25 17:23:47,027: INFO/MainProcess] mingle: all alone
[2026-02-25 17:23:47,035: INFO/MainProcess] celery@nsa.local ready.
[2026-02-25 17:27:33,445: WARNING/MainProcess] consumer: Connection to broker lost. Trying to re-establish the connection...
Traceback (most recent call last):
  File "/Users/mck/Desktop/milimoquantum/backend/milimoenv/lib/python3.12/site-packages/redis/retry.py", line 120, in call_with_retry
    return do()
           ^^^^
  File "/Users/mck/Desktop/milimoquantum/backend/milimoenv/lib/python3.12/site-packages/redis/client.py", line 1095, in <lambda>
    lambda: command(*args, **kwargs),
            ^^^^^^^^^^^^^^^^^^^^^^^^
  File "/Users/mck/Desktop/milimoquantum/backend/milimoenv/lib/python3.12/site-packages/redis/client.py", line 1139, in try_read
    return conn.read_response(disconnect_on_error=False, push_request=True)
           ^^^^^^^^^^^^^^^^^^^^^^^^^^^^^^^^^^^^^^^^^^^^^^^^^^^^^^^^^^^^^^^^
  File "/Users/mck/Desktop/milimoquantum/backend/milimoenv/lib/python3.12/site-packages/redis/connection.py", line 1339, in read_response
    response = self._parser.read_response(disable_decoding=disable_decoding)
               ^^^^^^^^^^^^^^^^^^^^^^^^^^^^^^^^^^^^^^^^^^^^^^^^^^^^^^^^^^^^^
  File "/Users/mck/Desktop/milimoquantum/backend/milimoenv/lib/python3.12/site-packages/redis/_parsers/resp2.py", line 15, in read_response
    result = self._read_response(disable_decoding=disable_decoding)
             ^^^^^^^^^^^^^^^^^^^^^^^^^^^^^^^^^^^^^^^^^^^^^^^^^^^^^^
  File "/Users/mck/Desktop/milimoquantum/backend/milimoenv/lib/python3.12/site-packages/redis/_parsers/resp2.py", line 25, in _read_response
    raw = self._buffer.readline()
          ^^^^^^^^^^^^^^^^^^^^^^^
  File "/Users/mck/Desktop/milimoquantum/backend/milimoenv/lib/python3.12/site-packages/redis/_parsers/socket.py", line 115, in readline
    self._read_from_socket()
  File "/Users/mck/Desktop/milimoquantum/backend/milimoenv/lib/python3.12/site-packages/redis/_parsers/socket.py", line 68, in _read_from_socket
    raise ConnectionError(SERVER_CLOSED_CONNECTION_ERROR)
redis.exceptions.ConnectionError: Connection closed by server.

During handling of the above exception, another exception occurred:

Traceback (most recent call last):
  File "/Users/mck/Desktop/milimoquantum/backend/milimoenv/lib/python3.12/site-packages/redis/connection.py", line 998, in connect_check_health
    sock = self._connect()
           ^^^^^^^^^^^^^^^
  File "/Users/mck/Desktop/milimoquantum/backend/milimoenv/lib/python3.12/site-packages/redis/connection.py", line 1512, in _connect
    raise err
  File "/Users/mck/Desktop/milimoquantum/backend/milimoenv/lib/python3.12/site-packages/redis/connection.py", line 1496, in _connect
    sock.connect(socket_address)
ConnectionRefusedError: [Errno 61] Connection refused

During handling of the above exception, another exception occurred:

Traceback (most recent call last):
  File "/Users/mck/Desktop/milimoquantum/backend/milimoenv/lib/python3.12/site-packages/celery/worker/consumer/consumer.py", line 346, in start
    blueprint.start(self)
  File "/Users/mck/Desktop/milimoquantum/backend/milimoenv/lib/python3.12/site-packages/celery/bootsteps.py", line 116, in start
    step.start(parent)
  File "/Users/mck/Desktop/milimoquantum/backend/milimoenv/lib/python3.12/site-packages/celery/worker/consumer/consumer.py", line 788, in start
    c.loop(*c.loop_args())
  File "/Users/mck/Desktop/milimoquantum/backend/milimoenv/lib/python3.12/site-packages/celery/worker/loops.py", line 96, in asynloop
    next(loop)
  File "/Users/mck/Desktop/milimoquantum/backend/milimoenv/lib/python3.12/site-packages/kombu/asynchronous/hub.py", line 377, in create_loop
    cb(*cbargs)
  File "/Users/mck/Desktop/milimoquantum/backend/milimoenv/lib/python3.12/site-packages/kombu/transport/redis.py", line 1394, in on_readable
    self.cycle.on_readable(fileno)
  File "/Users/mck/Desktop/milimoquantum/backend/milimoenv/lib/python3.12/site-packages/kombu/transport/redis.py", line 579, in on_readable
    chan.handlers[type]()
  File "/Users/mck/Desktop/milimoquantum/backend/milimoenv/lib/python3.12/site-packages/kombu/transport/redis.py", line 931, in _receive
    ret.append(self._receive_one(c))
               ^^^^^^^^^^^^^^^^^^^^
  File "/Users/mck/Desktop/milimoquantum/backend/milimoenv/lib/python3.12/site-packages/kombu/transport/redis.py", line 941, in _receive_one
    response = c.parse_response()
               ^^^^^^^^^^^^^^^^^^
  File "/Users/mck/Desktop/milimoquantum/backend/milimoenv/lib/python3.12/site-packages/redis/client.py", line 1141, in parse_response
    response = self._execute(conn, try_read)
               ^^^^^^^^^^^^^^^^^^^^^^^^^^^^^
  File "/Users/mck/Desktop/milimoquantum/backend/milimoenv/lib/python3.12/site-packages/redis/client.py", line 1094, in _execute
    response = conn.retry.call_with_retry(
               ^^^^^^^^^^^^^^^^^^^^^^^^^^^
  File "/Users/mck/Desktop/milimoquantum/backend/milimoenv/lib/python3.12/site-packages/redis/retry.py", line 127, in call_with_retry
    fail(error, failures)
  File "/Users/mck/Desktop/milimoquantum/backend/milimoenv/lib/python3.12/site-packages/redis/client.py", line 1091, in failure_callback
    self._reconnect(conn, error, failure_count, start_time, command_name)
  File "/Users/mck/Desktop/milimoquantum/backend/milimoenv/lib/python3.12/site-packages/redis/client.py", line 1065, in _reconnect
    conn.connect()
  File "/Users/mck/Desktop/milimoquantum/backend/milimoenv/lib/python3.12/site-packages/redis/connection.py", line 976, in connect
    self.retry.call_with_retry(
  File "/Users/mck/Desktop/milimoquantum/backend/milimoenv/lib/python3.12/site-packages/redis/retry.py", line 132, in call_with_retry
    raise error
  File "/Users/mck/Desktop/milimoquantum/backend/milimoenv/lib/python3.12/site-packages/redis/retry.py", line 120, in call_with_retry
    return do()
           ^^^^
  File "/Users/mck/Desktop/milimoquantum/backend/milimoenv/lib/python3.12/site-packages/redis/connection.py", line 977, in <lambda>
    lambda: self.connect_check_health(
            ^^^^^^^^^^^^^^^^^^^^^^^^^^
  File "/Users/mck/Desktop/milimoquantum/backend/milimoenv/lib/python3.12/site-packages/redis/connection.py", line 1022, in connect_check_health
    raise e
redis.exceptions.ConnectionError: Error 61 connecting to localhost:6379. Connection refused.
[2026-02-25 17:27:33,449: WARNING/MainProcess] /Users/mck/Desktop/milimoquantum/backend/milimoenv/lib/python3.12/site-packages/celery/worker/consumer/consumer.py:397: CPendingDeprecationWarning: 
In Celery 5.1 we introduced an optional breaking change which
on connection loss cancels all currently executed tasks with late acknowledgement enabled.
These tasks cannot be acknowledged as the connection is gone, and the tasks are automatically redelivered
back to the queue. You can enable this behavior using the worker_cancel_long_running_tasks_on_connection_loss
setting. In Celery 5.1 it is set to False by default. The setting will be set to True by default in Celery 6.0.

  warnings.warn(CANCEL_TASKS_BY_DEFAULT, CPendingDeprecationWarning)

[2026-02-25 17:27:33,452: ERROR/MainProcess] consumer: Cannot connect to redis://localhost:6379/0: Error 61 connecting to localhost:6379. Connection refused..
Trying again in 2.00 seconds... (1/100)

[2026-02-25 17:27:35,463: ERROR/MainProcess] consumer: Cannot connect to redis://localhost:6379/0: Error 61 connecting to localhost:6379. Connection refused..
Trying again in 4.00 seconds... (2/100)

[2026-02-25 17:27:39,470: ERROR/MainProcess] consumer: Cannot connect to redis://localhost:6379/0: Error 61 connecting to localhost:6379. Connection refused..
Trying again in 6.00 seconds... (3/100)

[2026-02-25 17:27:45,488: ERROR/MainProcess] consumer: Cannot connect to redis://localhost:6379/0: Error 61 connecting to localhost:6379. Connection refused..
Trying again in 8.00 seconds... (4/100)

[2026-02-25 17:27:53,519: ERROR/MainProcess] consumer: Cannot connect to redis://localhost:6379/0: Error 61 connecting to localhost:6379. Connection refused..
Trying again in 10.00 seconds... (5/100)


SIGHUP not supported: Restarting with SIGHUP is unstable on this platform!
[2026-02-25 17:28:03,563: ERROR/MainProcess] consumer: Cannot connect to redis://localhost:6379/0: Error 61 connecting to localhost:6379. Connection refused..
Trying again in 12.00 seconds... (6/100)

